2018-04-22 09:51:40.249  INFO 7256 --- [Thread-8] ConfigServletWebServerApplicationContext : Closing org.springframework.boot.web.servlet.context.AnnotationConfigServletWebServerApplicationContext@f99f5e0: startup date [Sat Apr 21 20:47:35 CST 2018]; parent: org.springframework.context.annotation.AnnotationConfigApplicationContext@12b0404f
2018-04-22 09:51:40.301  INFO 7256 --- [Thread-8] o.s.j.e.a.AnnotationMBeanExporter        : Unregistering JMX-exposed beans on shutdown
2018-04-22 09:51:40.302  INFO 7256 --- [Thread-8] o.s.j.e.a.AnnotationMBeanExporter        : Unregistering JMX-exposed beans
2018-04-22 10:39:53.809  INFO 1575 --- [main] c.sample.config.SampleConfigApplication  : No active profile set, falling back to default profiles: default
2018-04-22 10:39:53.820  INFO 1575 --- [main] ConfigServletWebServerApplicationContext : Refreshing org.springframework.boot.web.servlet.context.AnnotationConfigServletWebServerApplicationContext@2a225dd7: startup date [Sun Apr 22 10:39:53 CST 2018]; parent: org.springframework.context.annotation.AnnotationConfigApplicationContext@71b1176b
2018-04-22 10:39:54.303  INFO 1575 --- [main] o.s.b.f.s.DefaultListableBeanFactory     : Overriding bean definition for bean 'environmentWebEndpointExtension' with a different definition: replacing [Root bean: class [null]; scope=; abstract=false; lazyInit=false; autowireMode=3; dependencyCheck=0; autowireCandidate=true; primary=false; factoryBeanName=org.springframework.boot.actuate.autoconfigure.env.EnvironmentEndpointAutoConfiguration; factoryMethodName=environmentWebEndpointExtension; initMethodName=null; destroyMethodName=(inferred); defined in class path resource [org/springframework/boot/actuate/autoconfigure/env/EnvironmentEndpointAutoConfiguration.class]] with [Root bean: class [null]; scope=; abstract=false; lazyInit=false; autowireMode=3; dependencyCheck=0; autowireCandidate=true; primary=false; factoryBeanName=org.springframework.cloud.autoconfigure.LifecycleMvcEndpointAutoConfiguration$EndpointConfiguration; factoryMethodName=environmentWebEndpointExtension; initMethodName=null; destroyMethodName=(inferred); defined in class path resource [org/springframework/cloud/autoconfigure/LifecycleMvcEndpointAutoConfiguration$EndpointConfiguration.class]]
2018-04-22 10:40:21.988  INFO 1588 --- [main] c.sample.config.SampleConfigApplication  : No active profile set, falling back to default profiles: default
2018-04-22 10:40:21.996  INFO 1588 --- [main] ConfigServletWebServerApplicationContext : Refreshing org.springframework.boot.web.servlet.context.AnnotationConfigServletWebServerApplicationContext@6a47b187: startup date [Sun Apr 22 10:40:21 CST 2018]; parent: org.springframework.context.annotation.AnnotationConfigApplicationContext@163e4e87
2018-04-22 10:40:22.402  INFO 1588 --- [main] o.s.b.f.s.DefaultListableBeanFactory     : Overriding bean definition for bean 'environmentWebEndpointExtension' with a different definition: replacing [Root bean: class [null]; scope=; abstract=false; lazyInit=false; autowireMode=3; dependencyCheck=0; autowireCandidate=true; primary=false; factoryBeanName=org.springframework.boot.actuate.autoconfigure.env.EnvironmentEndpointAutoConfiguration; factoryMethodName=environmentWebEndpointExtension; initMethodName=null; destroyMethodName=(inferred); defined in class path resource [org/springframework/boot/actuate/autoconfigure/env/EnvironmentEndpointAutoConfiguration.class]] with [Root bean: class [null]; scope=; abstract=false; lazyInit=false; autowireMode=3; dependencyCheck=0; autowireCandidate=true; primary=false; factoryBeanName=org.springframework.cloud.autoconfigure.LifecycleMvcEndpointAutoConfiguration$EndpointConfiguration; factoryMethodName=environmentWebEndpointExtension; initMethodName=null; destroyMethodName=(inferred); defined in class path resource [org/springframework/cloud/autoconfigure/LifecycleMvcEndpointAutoConfiguration$EndpointConfiguration.class]]
2018-04-22 10:40:22.547  INFO 1588 --- [main] o.s.cloud.context.scope.GenericScope     : BeanFactory id=4a376a19-0205-3362-847d-f531cacd926e
2018-04-22 10:40:22.592  INFO 1588 --- [main] trationDelegate$BeanPostProcessorChecker : Bean 'org.springframework.cloud.autoconfigure.ConfigurationPropertiesRebinderAutoConfiguration' of type [org.springframework.cloud.autoconfigure.ConfigurationPropertiesRebinderAutoConfiguration$$EnhancerBySpringCGLIB$$4585ac74] is not eligible for getting processed by all BeanPostProcessors (for example: not eligible for auto-proxying)
2018-04-22 10:40:22.754  INFO 1588 --- [main] o.s.b.w.embedded.tomcat.TomcatWebServer  : Tomcat initialized with port(s): 2021 (http)
2018-04-22 10:40:22.768  INFO 1588 --- [main] o.apache.catalina.core.StandardService   : Starting service [Tomcat]
2018-04-22 10:40:22.768  INFO 1588 --- [main] org.apache.catalina.core.StandardEngine  : Starting Servlet Engine: Apache Tomcat/8.5.29
2018-04-22 10:40:22.771  INFO 1588 --- [localhost-startStop-1] o.a.catalina.core.AprLifecycleListener   : The APR based Apache Tomcat Native library which allows optimal performance in production environments was not found on the java.library.path: [/Users/czy/Library/Java/Extensions:/Library/Java/Extensions:/Network/Library/Java/Extensions:/System/Library/Java/Extensions:/usr/lib/java:.]
2018-04-22 10:40:22.835  INFO 1588 --- [localhost-startStop-1] o.a.c.c.C.[Tomcat].[localhost].[/]       : Initializing Spring embedded WebApplicationContext
2018-04-22 10:40:22.835  INFO 1588 --- [localhost-startStop-1] o.s.web.context.ContextLoader            : Root WebApplicationContext: initialization completed in 839 ms
2018-04-22 10:40:23.327  INFO 1588 --- [localhost-startStop-1] o.s.b.w.servlet.FilterRegistrationBean   : Mapping filter: 'characterEncodingFilter' to: [/*]
2018-04-22 10:40:23.328  INFO 1588 --- [localhost-startStop-1] o.s.b.w.servlet.FilterRegistrationBean   : Mapping filter: 'hiddenHttpMethodFilter' to: [/*]
2018-04-22 10:40:23.328  INFO 1588 --- [localhost-startStop-1] o.s.b.w.servlet.FilterRegistrationBean   : Mapping filter: 'httpPutFormContentFilter' to: [/*]
2018-04-22 10:40:23.328  INFO 1588 --- [localhost-startStop-1] o.s.b.w.servlet.FilterRegistrationBean   : Mapping filter: 'requestContextFilter' to: [/*]
2018-04-22 10:40:23.328  INFO 1588 --- [localhost-startStop-1] .s.DelegatingFilterProxyRegistrationBean : Mapping filter: 'springSecurityFilterChain' to: [/*]
2018-04-22 10:40:23.329  INFO 1588 --- [localhost-startStop-1] o.s.b.w.servlet.FilterRegistrationBean   : Mapping filter: 'httpTraceFilter' to: [/*]
2018-04-22 10:40:23.329  INFO 1588 --- [localhost-startStop-1] o.s.b.w.servlet.FilterRegistrationBean   : Mapping filter: 'webMvcMetricsFilter' to: [/*]
2018-04-22 10:40:23.329  INFO 1588 --- [localhost-startStop-1] o.s.b.w.servlet.ServletRegistrationBean  : Servlet dispatcherServlet mapped to [/]
2018-04-22 10:40:23.400  INFO 1588 --- [main] o.s.w.s.handler.SimpleUrlHandlerMapping  : Mapped URL path [/**/favicon.ico] onto handler of type [class org.springframework.web.servlet.resource.ResourceHttpRequestHandler]
2018-04-22 10:40:23.550  INFO 1588 --- [main] s.w.s.m.m.a.RequestMappingHandlerAdapter : Looking for @ControllerAdvice: org.springframework.boot.web.servlet.context.AnnotationConfigServletWebServerApplicationContext@6a47b187: startup date [Sun Apr 22 10:40:21 CST 2018]; parent: org.springframework.context.annotation.AnnotationConfigApplicationContext@163e4e87
2018-04-22 10:40:23.597  INFO 1588 --- [main] s.w.s.m.m.a.RequestMappingHandlerMapping : Mapped "{[/error]}" onto public org.springframework.http.ResponseEntity<java.util.Map<java.lang.String, java.lang.Object>> org.springframework.boot.autoconfigure.web.servlet.error.BasicErrorController.error(javax.servlet.http.HttpServletRequest)
2018-04-22 10:40:23.598  INFO 1588 --- [main] s.w.s.m.m.a.RequestMappingHandlerMapping : Mapped "{[/error],produces=[text/html]}" onto public org.springframework.web.servlet.ModelAndView org.springframework.boot.autoconfigure.web.servlet.error.BasicErrorController.errorHtml(javax.servlet.http.HttpServletRequest,javax.servlet.http.HttpServletResponse)
2018-04-22 10:40:23.622  INFO 1588 --- [main] o.s.w.s.handler.SimpleUrlHandlerMapping  : Mapped URL path [/webjars/**] onto handler of type [class org.springframework.web.servlet.resource.ResourceHttpRequestHandler]
2018-04-22 10:40:23.623  INFO 1588 --- [main] o.s.w.s.handler.SimpleUrlHandlerMapping  : Mapped URL path [/**] onto handler of type [class org.springframework.web.servlet.resource.ResourceHttpRequestHandler]
2018-04-22 10:40:24.027  INFO 1588 --- [main] .s.s.UserDetailsServiceAutoConfiguration : 

Using generated security password: 68c6119d-7233-4703-8440-098ae0cbb51d

2018-04-22 10:40:24.173  INFO 1588 --- [main] o.s.s.web.DefaultSecurityFilterChain     : Creating filter chain: org.springframework.security.web.util.matcher.AnyRequestMatcher@1, [org.springframework.security.web.context.request.async.WebAsyncManagerIntegrationFilter@2e807c54, org.springframework.security.web.context.SecurityContextPersistenceFilter@3419e23b, org.springframework.security.web.header.HeaderWriterFilter@a518813, org.springframework.security.web.csrf.CsrfFilter@6778aea6, org.springframework.security.web.authentication.logout.LogoutFilter@14229fa7, org.springframework.security.web.authentication.UsernamePasswordAuthenticationFilter@76889e60, org.springframework.security.web.authentication.ui.DefaultLoginPageGeneratingFilter@5c534b5b, org.springframework.security.web.authentication.www.BasicAuthenticationFilter@3e104d4b, org.springframework.security.web.savedrequest.RequestCacheAwareFilter@1d75e7af, org.springframework.security.web.servletapi.SecurityContextHolderAwareRequestFilter@56913163, org.springframework.security.web.authentication.AnonymousAuthenticationFilter@6cd164a6, org.springframework.security.web.session.SessionManagementFilter@75361cf6, org.springframework.security.web.access.ExceptionTranslationFilter@1290c49, org.springframework.security.web.access.intercept.FilterSecurityInterceptor@6f139fc9]
2018-04-22 10:40:24.260  INFO 1588 --- [main] o.s.b.a.e.web.EndpointLinksResolver      : Exposing 2 endpoint(s) beneath base path '/actuator'
2018-04-22 10:40:24.268  INFO 1588 --- [main] s.b.a.e.w.s.WebMvcEndpointHandlerMapping : Mapped "{[/actuator/health],methods=[GET],produces=[application/vnd.spring-boot.actuator.v2+json || application/json]}" onto public java.lang.Object org.springframework.boot.actuate.endpoint.web.servlet.AbstractWebMvcEndpointHandlerMapping$OperationHandler.handle(javax.servlet.http.HttpServletRequest,java.util.Map<java.lang.String, java.lang.String>)
2018-04-22 10:40:24.269  INFO 1588 --- [main] s.b.a.e.w.s.WebMvcEndpointHandlerMapping : Mapped "{[/actuator/info],methods=[GET],produces=[application/vnd.spring-boot.actuator.v2+json || application/json]}" onto public java.lang.Object org.springframework.boot.actuate.endpoint.web.servlet.AbstractWebMvcEndpointHandlerMapping$OperationHandler.handle(javax.servlet.http.HttpServletRequest,java.util.Map<java.lang.String, java.lang.String>)
2018-04-22 10:40:24.270  INFO 1588 --- [main] s.b.a.e.w.s.WebMvcEndpointHandlerMapping : Mapped "{[/actuator],methods=[GET],produces=[application/vnd.spring-boot.actuator.v2+json || application/json]}" onto protected java.util.Map<java.lang.String, java.util.Map<java.lang.String, org.springframework.boot.actuate.endpoint.web.Link>> org.springframework.boot.actuate.endpoint.web.servlet.WebMvcEndpointHandlerMapping.links(javax.servlet.http.HttpServletRequest,javax.servlet.http.HttpServletResponse)
2018-04-22 10:40:24.315  INFO 1588 --- [main] o.s.j.e.a.AnnotationMBeanExporter        : Registering beans for JMX exposure on startup
2018-04-22 10:40:24.325  INFO 1588 --- [main] o.s.j.e.a.AnnotationMBeanExporter        : Bean with name 'configurationPropertiesRebinder' has been autodetected for JMX exposure
2018-04-22 10:40:24.326  INFO 1588 --- [main] o.s.j.e.a.AnnotationMBeanExporter        : Bean with name 'environmentManager' has been autodetected for JMX exposure
2018-04-22 10:40:24.327  INFO 1588 --- [main] o.s.j.e.a.AnnotationMBeanExporter        : Bean with name 'refreshScope' has been autodetected for JMX exposure
2018-04-22 10:40:24.329  INFO 1588 --- [main] o.s.j.e.a.AnnotationMBeanExporter        : Located managed bean 'environmentManager': registering with JMX server as MBean [org.springframework.cloud.context.environment:name=environmentManager,type=EnvironmentManager]
2018-04-22 10:40:24.335  INFO 1588 --- [main] o.s.j.e.a.AnnotationMBeanExporter        : Located managed bean 'refreshScope': registering with JMX server as MBean [org.springframework.cloud.context.scope.refresh:name=refreshScope,type=RefreshScope]
2018-04-22 10:40:24.341  INFO 1588 --- [main] o.s.j.e.a.AnnotationMBeanExporter        : Located managed bean 'configurationPropertiesRebinder': registering with JMX server as MBean [org.springframework.cloud.context.properties:name=configurationPropertiesRebinder,context=6a47b187,type=ConfigurationPropertiesRebinder]
2018-04-22 10:40:24.402  INFO 1588 --- [main] o.s.b.w.embedded.tomcat.TomcatWebServer  : Tomcat started on port(s): 2021 (http) with context path ''
2018-04-22 10:40:24.406  INFO 1588 --- [main] c.sample.config.SampleConfigApplication  : Started SampleConfigApplication in 13.124 seconds (JVM running for 13.508)
2018-04-22 10:40:39.966  INFO 1588 --- [Thread-8] ConfigServletWebServerApplicationContext : Closing org.springframework.boot.web.servlet.context.AnnotationConfigServletWebServerApplicationContext@6a47b187: startup date [Sun Apr 22 10:40:21 CST 2018]; parent: org.springframework.context.annotation.AnnotationConfigApplicationContext@163e4e87
2018-04-22 10:40:39.970  INFO 1588 --- [Thread-8] o.s.j.e.a.AnnotationMBeanExporter        : Unregistering JMX-exposed beans on shutdown
2018-04-22 10:40:39.970  INFO 1588 --- [Thread-8] o.s.j.e.a.AnnotationMBeanExporter        : Unregistering JMX-exposed beans
2018-04-22 10:41:16.327  INFO 1610 --- [main] c.sample.config.SampleConfigApplication  : No active profile set, falling back to default profiles: default
2018-04-22 10:41:16.335  INFO 1610 --- [main] ConfigServletWebServerApplicationContext : Refreshing org.springframework.boot.web.servlet.context.AnnotationConfigServletWebServerApplicationContext@1205bd62: startup date [Sun Apr 22 10:41:16 CST 2018]; parent: org.springframework.context.annotation.AnnotationConfigApplicationContext@7c469c48
2018-04-22 10:41:16.773  INFO 1610 --- [main] o.s.b.f.s.DefaultListableBeanFactory     : Overriding bean definition for bean 'environmentWebEndpointExtension' with a different definition: replacing [Root bean: class [null]; scope=; abstract=false; lazyInit=false; autowireMode=3; dependencyCheck=0; autowireCandidate=true; primary=false; factoryBeanName=org.springframework.boot.actuate.autoconfigure.env.EnvironmentEndpointAutoConfiguration; factoryMethodName=environmentWebEndpointExtension; initMethodName=null; destroyMethodName=(inferred); defined in class path resource [org/springframework/boot/actuate/autoconfigure/env/EnvironmentEndpointAutoConfiguration.class]] with [Root bean: class [null]; scope=; abstract=false; lazyInit=false; autowireMode=3; dependencyCheck=0; autowireCandidate=true; primary=false; factoryBeanName=org.springframework.cloud.autoconfigure.LifecycleMvcEndpointAutoConfiguration$EndpointConfiguration; factoryMethodName=environmentWebEndpointExtension; initMethodName=null; destroyMethodName=(inferred); defined in class path resource [org/springframework/cloud/autoconfigure/LifecycleMvcEndpointAutoConfiguration$EndpointConfiguration.class]]
2018-04-22 10:41:16.925  INFO 1610 --- [main] o.s.cloud.context.scope.GenericScope     : BeanFactory id=4a376a19-0205-3362-847d-f531cacd926e
2018-04-22 10:41:16.977  INFO 1610 --- [main] trationDelegate$BeanPostProcessorChecker : Bean 'org.springframework.cloud.autoconfigure.ConfigurationPropertiesRebinderAutoConfiguration' of type [org.springframework.cloud.autoconfigure.ConfigurationPropertiesRebinderAutoConfiguration$$EnhancerBySpringCGLIB$$9b884ff0] is not eligible for getting processed by all BeanPostProcessors (for example: not eligible for auto-proxying)
2018-04-22 10:41:17.166  INFO 1610 --- [main] o.s.b.w.embedded.tomcat.TomcatWebServer  : Tomcat initialized with port(s): 2021 (http)
2018-04-22 10:41:17.181  INFO 1610 --- [main] o.apache.catalina.core.StandardService   : Starting service [Tomcat]
2018-04-22 10:41:17.182  INFO 1610 --- [main] org.apache.catalina.core.StandardEngine  : Starting Servlet Engine: Apache Tomcat/8.5.29
2018-04-22 10:41:17.185  INFO 1610 --- [localhost-startStop-1] o.a.catalina.core.AprLifecycleListener   : The APR based Apache Tomcat Native library which allows optimal performance in production environments was not found on the java.library.path: [/Users/czy/Library/Java/Extensions:/Library/Java/Extensions:/Network/Library/Java/Extensions:/System/Library/Java/Extensions:/usr/lib/java:.]
2018-04-22 10:41:17.256  INFO 1610 --- [localhost-startStop-1] o.a.c.c.C.[Tomcat].[localhost].[/]       : Initializing Spring embedded WebApplicationContext
2018-04-22 10:41:17.256  INFO 1610 --- [localhost-startStop-1] o.s.web.context.ContextLoader            : Root WebApplicationContext: initialization completed in 921 ms
2018-04-22 10:41:17.783  INFO 1610 --- [localhost-startStop-1] o.s.b.w.servlet.FilterRegistrationBean   : Mapping filter: 'characterEncodingFilter' to: [/*]
2018-04-22 10:41:17.784  INFO 1610 --- [localhost-startStop-1] o.s.b.w.servlet.FilterRegistrationBean   : Mapping filter: 'hiddenHttpMethodFilter' to: [/*]
2018-04-22 10:41:17.784  INFO 1610 --- [localhost-startStop-1] o.s.b.w.servlet.FilterRegistrationBean   : Mapping filter: 'httpPutFormContentFilter' to: [/*]
2018-04-22 10:41:17.784  INFO 1610 --- [localhost-startStop-1] o.s.b.w.servlet.FilterRegistrationBean   : Mapping filter: 'requestContextFilter' to: [/*]
2018-04-22 10:41:17.784  INFO 1610 --- [localhost-startStop-1] .s.DelegatingFilterProxyRegistrationBean : Mapping filter: 'springSecurityFilterChain' to: [/*]
2018-04-22 10:41:17.784  INFO 1610 --- [localhost-startStop-1] o.s.b.w.servlet.FilterRegistrationBean   : Mapping filter: 'httpTraceFilter' to: [/*]
2018-04-22 10:41:17.785  INFO 1610 --- [localhost-startStop-1] o.s.b.w.servlet.FilterRegistrationBean   : Mapping filter: 'webMvcMetricsFilter' to: [/*]
2018-04-22 10:41:17.785  INFO 1610 --- [localhost-startStop-1] o.s.b.w.servlet.ServletRegistrationBean  : Servlet dispatcherServlet mapped to [/]
2018-04-22 10:41:17.862  INFO 1610 --- [main] o.s.w.s.handler.SimpleUrlHandlerMapping  : Mapped URL path [/**/favicon.ico] onto handler of type [class org.springframework.web.servlet.resource.ResourceHttpRequestHandler]
2018-04-22 10:41:18.008  INFO 1610 --- [main] s.w.s.m.m.a.RequestMappingHandlerAdapter : Looking for @ControllerAdvice: org.springframework.boot.web.servlet.context.AnnotationConfigServletWebServerApplicationContext@1205bd62: startup date [Sun Apr 22 10:41:16 CST 2018]; parent: org.springframework.context.annotation.AnnotationConfigApplicationContext@7c469c48
2018-04-22 10:41:18.057  INFO 1610 --- [main] s.w.s.m.m.a.RequestMappingHandlerMapping : Mapped "{[/error]}" onto public org.springframework.http.ResponseEntity<java.util.Map<java.lang.String, java.lang.Object>> org.springframework.boot.autoconfigure.web.servlet.error.BasicErrorController.error(javax.servlet.http.HttpServletRequest)
2018-04-22 10:41:18.059  INFO 1610 --- [main] s.w.s.m.m.a.RequestMappingHandlerMapping : Mapped "{[/error],produces=[text/html]}" onto public org.springframework.web.servlet.ModelAndView org.springframework.boot.autoconfigure.web.servlet.error.BasicErrorController.errorHtml(javax.servlet.http.HttpServletRequest,javax.servlet.http.HttpServletResponse)
2018-04-22 10:41:18.086  INFO 1610 --- [main] o.s.w.s.handler.SimpleUrlHandlerMapping  : Mapped URL path [/webjars/**] onto handler of type [class org.springframework.web.servlet.resource.ResourceHttpRequestHandler]
2018-04-22 10:41:18.086  INFO 1610 --- [main] o.s.w.s.handler.SimpleUrlHandlerMapping  : Mapped URL path [/**] onto handler of type [class org.springframework.web.servlet.resource.ResourceHttpRequestHandler]
2018-04-22 10:41:18.443  INFO 1610 --- [main] .s.s.UserDetailsServiceAutoConfiguration : 

Using generated security password: dbac4e2c-c7da-4a97-9aaa-3e815d17333b

2018-04-22 10:41:18.553  INFO 1610 --- [main] o.s.s.web.DefaultSecurityFilterChain     : Creating filter chain: org.springframework.security.web.util.matcher.AnyRequestMatcher@1, [org.springframework.security.web.context.request.async.WebAsyncManagerIntegrationFilter@44550792, org.springframework.security.web.context.SecurityContextPersistenceFilter@702b06fb, org.springframework.security.web.header.HeaderWriterFilter@3d5790ea, org.springframework.security.web.csrf.CsrfFilter@84487f4, org.springframework.security.web.authentication.logout.LogoutFilter@3ee69ad8, org.springframework.security.web.authentication.UsernamePasswordAuthenticationFilter@64469d8, org.springframework.security.web.authentication.ui.DefaultLoginPageGeneratingFilter@7a389761, org.springframework.security.web.authentication.www.BasicAuthenticationFilter@43e1692f, org.springframework.security.web.savedrequest.RequestCacheAwareFilter@5c534b5b, org.springframework.security.web.servletapi.SecurityContextHolderAwareRequestFilter@e8e0dec, org.springframework.security.web.authentication.AnonymousAuthenticationFilter@1835d3ed, org.springframework.security.web.session.SessionManagementFilter@67a3bd51, org.springframework.security.web.access.ExceptionTranslationFilter@1b9776f5, org.springframework.security.web.access.intercept.FilterSecurityInterceptor@56380231]
2018-04-22 10:41:18.635  INFO 1610 --- [main] o.s.b.a.e.web.EndpointLinksResolver      : Exposing 2 endpoint(s) beneath base path '/actuator'
2018-04-22 10:41:18.643  INFO 1610 --- [main] s.b.a.e.w.s.WebMvcEndpointHandlerMapping : Mapped "{[/actuator/health],methods=[GET],produces=[application/vnd.spring-boot.actuator.v2+json || application/json]}" onto public java.lang.Object org.springframework.boot.actuate.endpoint.web.servlet.AbstractWebMvcEndpointHandlerMapping$OperationHandler.handle(javax.servlet.http.HttpServletRequest,java.util.Map<java.lang.String, java.lang.String>)
2018-04-22 10:41:18.644  INFO 1610 --- [main] s.b.a.e.w.s.WebMvcEndpointHandlerMapping : Mapped "{[/actuator/info],methods=[GET],produces=[application/vnd.spring-boot.actuator.v2+json || application/json]}" onto public java.lang.Object org.springframework.boot.actuate.endpoint.web.servlet.AbstractWebMvcEndpointHandlerMapping$OperationHandler.handle(javax.servlet.http.HttpServletRequest,java.util.Map<java.lang.String, java.lang.String>)
2018-04-22 10:41:18.644  INFO 1610 --- [main] s.b.a.e.w.s.WebMvcEndpointHandlerMapping : Mapped "{[/actuator],methods=[GET],produces=[application/vnd.spring-boot.actuator.v2+json || application/json]}" onto protected java.util.Map<java.lang.String, java.util.Map<java.lang.String, org.springframework.boot.actuate.endpoint.web.Link>> org.springframework.boot.actuate.endpoint.web.servlet.WebMvcEndpointHandlerMapping.links(javax.servlet.http.HttpServletRequest,javax.servlet.http.HttpServletResponse)
2018-04-22 10:41:18.688  INFO 1610 --- [main] o.s.j.e.a.AnnotationMBeanExporter        : Registering beans for JMX exposure on startup
2018-04-22 10:41:18.699  INFO 1610 --- [main] o.s.j.e.a.AnnotationMBeanExporter        : Bean with name 'configurationPropertiesRebinder' has been autodetected for JMX exposure
2018-04-22 10:41:18.700  INFO 1610 --- [main] o.s.j.e.a.AnnotationMBeanExporter        : Bean with name 'environmentManager' has been autodetected for JMX exposure
2018-04-22 10:41:18.701  INFO 1610 --- [main] o.s.j.e.a.AnnotationMBeanExporter        : Bean with name 'refreshScope' has been autodetected for JMX exposure
2018-04-22 10:41:18.703  INFO 1610 --- [main] o.s.j.e.a.AnnotationMBeanExporter        : Located managed bean 'environmentManager': registering with JMX server as MBean [org.springframework.cloud.context.environment:name=environmentManager,type=EnvironmentManager]
2018-04-22 10:41:18.710  INFO 1610 --- [main] o.s.j.e.a.AnnotationMBeanExporter        : Located managed bean 'refreshScope': registering with JMX server as MBean [org.springframework.cloud.context.scope.refresh:name=refreshScope,type=RefreshScope]
2018-04-22 10:41:18.719  INFO 1610 --- [main] o.s.j.e.a.AnnotationMBeanExporter        : Located managed bean 'configurationPropertiesRebinder': registering with JMX server as MBean [org.springframework.cloud.context.properties:name=configurationPropertiesRebinder,context=1205bd62,type=ConfigurationPropertiesRebinder]
2018-04-22 10:41:18.776  INFO 1610 --- [main] o.s.b.w.embedded.tomcat.TomcatWebServer  : Tomcat started on port(s): 2021 (http) with context path ''
2018-04-22 10:41:18.780  INFO 1610 --- [main] c.sample.config.SampleConfigApplication  : Started SampleConfigApplication in 13.132 seconds (JVM running for 13.525)
2018-04-22 10:41:53.572  INFO 1610 --- [Thread-8] ConfigServletWebServerApplicationContext : Closing org.springframework.boot.web.servlet.context.AnnotationConfigServletWebServerApplicationContext@1205bd62: startup date [Sun Apr 22 10:41:16 CST 2018]; parent: org.springframework.context.annotation.AnnotationConfigApplicationContext@7c469c48
2018-04-22 10:41:53.576  INFO 1610 --- [Thread-8] o.s.j.e.a.AnnotationMBeanExporter        : Unregistering JMX-exposed beans on shutdown
2018-04-22 10:41:53.576  INFO 1610 --- [Thread-8] o.s.j.e.a.AnnotationMBeanExporter        : Unregistering JMX-exposed beans
